file                                                                                                   read   kept   del blank  dupe
------------------------------------------------------------------------------------------------------------------------------------
01.27.2026 - HO - Cross Sell_ Termites Turning Your Home Into A Snack_ (Campaign 3) Batch #1            194    184    10     0     0
01.27.2026 - HO - Cross Sell_ Termites Turning Your Home Into A Snack_ (Campaign 3) Batch #2            259    249    10     0     0
01.27.2026 - HO - Cross Sell_ Termites Turning Your Home Into A Snack_ (Campaign 3) Batch #3            265    256     9     0     0
01.28.2026 - HO - Cross Sell_ Termites Turning Your Home Into A Snack_ (Campaign 3) Batch #4            262    245    17     0     0
01.28.2026 - HO - Cross Sell_ Termites Turning Your Home Into A Snack_ (Campaign 3) Batch #5            173    162    11     0     0
01.28.2026 - HO - Cross Sell_ Termites Turning Your Home Into A Snack_ (Campaign 3) Batch #6            254    237    17     0     0
01.28.2026 - HO - Cross Sell_ Termites Turning Your Home Into A Snack_ (Campaign 3) Batch #7            261    243    18     0     0
02.03.2026 - MF - Winback Campaign (Campaign 4) Batch #1                                                286      1   285     0     0
02.03.2026 - MF - Winback Campaign (Campaign 4) Batch #2                                                289      1   288     0     0
02.03.2026 - MF - Winback Campaign (Campaign 4) Batch #3                                                279      1   278     0     0
02.03.2026 - MF - Winback Campaign (Campaign 4) Batch #4                                                278    238    40     0     0
02.03.2026 - MF - Winback Campaign (Campaign 4) Batch #5                                                270    244    26     0     0
02.03.2026 - MF - Winback Campaign (Campaign 4) Batch #6                                                269    243    26     0     0
02.09.2026 - MF - Winback Campaign (Campaign 4) Batch #10                                               272    243    29     0     0
02.09.2026 - MF - Winback Campaign (Campaign 4) Batch #11                                               283    247    36     0     0
02.09.2026 - MF - Winback Campaign (Campaign 4) Batch #12                                               278    248    30     0     0
02.09.2026 - MF - Winback Campaign (Campaign 4) Batch #7                                                265    243    22     0     0
02.09.2026 - MF - Winback Campaign (Campaign 4) Batch #8                                                275    253    22     0     0
02.09.2026 - MF - Winback Campaign (Campaign 4) Batch #9                                                259    235    24     0     0
02.10.2026 - MF - Winback Campaign (Campaign 4) Batch #13                                               276    247    29     0     0
02.10.2026 - MF - Winback Campaign (Campaign 4) Batch #14                                               281    255    26     0     0
02.10.2026 - MF - Winback Campaign (Campaign 4) Batch #15                                               280    256    24     0     0
02.10.2026 - MF - Winback Campaign (Campaign 4) Batch #16                                               273    254    19     0     0
02.10.2026 - MF - Winback Campaign (Campaign 4) Batch #17                                               271    240    31     0     0
02.10.2026 - MF - Winback Campaign (Campaign 4) Batch #18                                               274    255    19     0     0
02.11.2026 - MF - Winback Campaign (Campaign 4) Batch #19                                               260    248    12     0     0
02.11.2026 - MF - Winback Campaign (Campaign 4) Batch #20                                               269    248    21     0     0
02.11.2026 - MF - Winback Campaign (Campaign 4) Batch #21                                               276    256    20     0     0
02.11.2026 - MF - Winback Campaign (Campaign 4) Batch #22                                               266    246    20     0     0
02.11.2026 - MF - Winback Campaign (Campaign 4) Batch #23                                               269    236    33     0     0
02.11.2026 - MF - Winback Campaign (Campaign 4) Batch #24                                               275    247    28     0     0
02.12.2026 - MF - Winback Campaign (Campaign 4) Batch #25                                               269    255    14     0     0
02.12.2026 - MF - Winback Campaign (Campaign 4) Batch #26                                               275    252    23     0     0
02.12.2026 - MF - Winback Campaign (Campaign 4) Batch #27                                               269    251    18     0     0
02.12.2026 - MF - Winback Campaign (Campaign 4) Batch #28                                               265    240    25     0     0
02.12.2026 - MF - Winback Campaign (Campaign 4) Batch #29                                               253    238    15     0     0
02.12.2026 - MF - Winback Campaign (Campaign 4) Batch #30                                               314    293    21     0     0
02.12.2026 - MF - Winback Campaign (Campaign 4) NG Batch #1                                             191    161    30     0     0
02.12.2026 - MF - Winback Campaign (Campaign 4) NG Batch #2                                             192    169    23     0     0
02.12.2026 - MF - Winback Campaign (Campaign 4) NG Batch #3                                             193    171    22     0     0
02.12.2026 - MF - Winback Campaign (Campaign 4) NG Batch #4                                             197    181    16     0     0
02.12.2026 - MF - Winback Campaign (Campaign 4) NG Batch #5                                             195    174    21     0     0
02.12.2026 - MF - Winback Campaign (Campaign 4) NG Batch #6                                             191    163    28     0     0
02.13.2026 - MF - CAMPAIGN 5 - Don't Let Pests Spoil Valentine's Day Batch #1                           249    231    18     0     0
02.13.2026 - MF - CAMPAIGN 5 - Don't Let Pests Spoil Valentine's Day Batch #2                           249    227    22     0     0
02.13.2026 - MF - CAMPAIGN 5 - Don't Let Pests Spoil Valentine's Day Batch #3                           249    230    19     0     0
02.13.2026 - MF - CAMPAIGN 5 - Don't Let Pests Spoil Valentine's Day Batch #4                           248    236    12     0     0
02.14.2026 - MF - CAMPAIGN 5 - Don't Let Pests Spoil Valentine's Day Batch #5                           247    227    20     0     0
02.14.2026 - MF - CAMPAIGN 5 - Don't Let Pests Spoil Valentine's Day Batch #6                           250    225    25     0     0
02.14.2026 - MF - CAMPAIGN 5 - Don't Let Pests Spoil Valentine's Day Batch #7                           250    229    21     0     0
02.14.2026 - MF - CAMPAIGN 5 - Don't Let Pests Spoil Valentine's Day Batch #8                           250    232    18     0     0
02.14.2026 - MF - CAMPAIGN 5 - Don't Let Pests Spoil Valentine's Day Batch #9                           123    107    16     0     0
02.17.2026 - MF - Winback Campaign (Campaign 4) NG Batch #10                                            195    176    19     0     0
02.17.2026 - MF - Winback Campaign (Campaign 4) NG Batch #11                                            194    172    22     0     0
02.17.2026 - MF - Winback Campaign (Campaign 4) NG Batch #12                                            191    171    20     0     0
02.17.2026 - MF - Winback Campaign (Campaign 4) NG Batch #7                                             192    174    18     0     0
02.17.2026 - MF - Winback Campaign (Campaign 4) NG Batch #8                                             191    178    13     0     0
02.17.2026 - MF - Winback Campaign (Campaign 4) NG Batch #9                                             194    170    24     0     0
02.18.2026 - MF - Winback Campaign (Campaign 4) NG Batch #13                                            194    179    15     0     0
02.18.2026 - MF - Winback Campaign (Campaign 4) NG Batch #14                                            195    182    13     0     0
02.18.2026 - MF - Winback Campaign (Campaign 4) NG Batch #15                                            195    183    12     0     0
02.18.2026 - MF - Winback Campaign (Campaign 4) NG Batch #16                                            191    177    14     0     0
02.18.2026 - MF - Winback Campaign (Campaign 4) NG Batch #17                                            193    178    15     0     0
02.18.2026 - MF - Winback Campaign (Campaign 4) NG Batch #18                                            195    181    14     0     0
02.19.2026 - MF - Winback Campaign (Campaign 4) NG Batch #19                                            198    179    19     0     0
02.19.2026 - MF - Winback Campaign (Campaign 4) NG Batch #20                                            191    171    20     0     0
02.19.2026 - MF - Winback Campaign (Campaign 4) NG Batch #21                                            196    182    14     0     0
02.19.2026 - MF - Winback Campaign (Campaign 4) NG Batch #22                                            196    179    17     0     0
02.19.2026 - MF - Winback Campaign (Campaign 4) NG Batch #23                                            196    175    21     0     0
02.19.2026 - MF - Winback Campaign (Campaign 4) NG Batch #24                                            200    175    25     0     0
02.20.2026 - MF - Winback Campaign (Campaign 4) NG Batch #25                                            193    180    13     0     0
02.20.2026 - MF - Winback Campaign (Campaign 4) NG Batch #26                                            189    175    14     0     0
02.20.2026 - MF - Winback Campaign (Campaign 4) NG Batch #27                                            193    178    15     0     0
02.20.2026 - MF - Winback Campaign (Campaign 4) NG Batch #28                                            197    170    27     0     0
02.20.2026 - MF - Winback Campaign (Campaign 4) NG Batch #29                                            196    171    25     0     0
02.20.2026 - MF - Winback Campaign (Campaign 4) NG Batch #30                                            189    171    18     0     0
02.20.2026 - MF - Winback Campaign (Campaign 4) NG Batch #31                                            195    175    20     0     0
02.20.2026 - MF - Winback Campaign (Campaign 4) NG Batch #32                                            196    169    27     0     0
02.20.2026 - MF - Winback Campaign (Campaign 4) NG Batch #33                                            196    179    17     0     0
03.12.2026 - Spring Pests - What to Expect - Warm up Day 1 _ (Gmail)                                    100     91     9     0     0
03.13.2026 - Spring Pests - What to Expect - Warm up Day 2_ (Gmail)                                     205    164    41     0     0
03.16.2026 - Spring Pests - What to Expect - Warm up Day 3_ (Gmail)                                     305    210    95     0     0
03.16.2026 - Spring Pests - What to Expect - Warm up Day 3_ (Non_Gmail 1)                               104     92    12     0     0
03.17.2026 - Spring Pests - What to Expect - Warm up Day 4_ (Gmail)                                     389    217   172     0     0
03.17.2026 - Spring Pests - What to Expect - Warm up Day 4_ (Non_Gmail 2)                               205    159    46     0     0
03.18.2026 - Spring Pests - What to Expect - Warm up Day 5_ (Non_Gmail 3)                               266    224    42     0     0
03.19.2026 - ST - How to spot beg bug poop - Warm up Day 6                                              739    604   135     0     0
03.20.2026 - ST - How to spot beg bug poop - Warm up Day 7                                              644    500   144     0     0
03.23.2026 - ST - How to spot beg bug poop - Warm up Day 8                                              521    439    82     0     0
03.27.2026 - ST - What does squirrel poop look like_ Warm up day 9_Gmail                               1140    937   203     0     0
03.27.2026 - ST - What does squirrel poop look like_ Warm up day 9_NonGmail                             650    564    86     0     0
04.03.2026 - HO - Turn Your Backyard Into A Sanctuary - Warm up day 10_Gmail                           1800   1732    68     0     0
04.03.2026 - HO - Turn Your Backyard Into A Sanctuary - Warm up day 10_NonGmail                        1200   1152    48     0     0
04.07.2026 - HO - Turn Your Backyard Into A Sanctuary - Warm up day 11_Gmail                           1800   1608   192     0     0
04.07.2026 - HO - Turn Your Backyard Into A Sanctuary - Warm up day 11_NonGmail                        1200   1098   102     0     0
04.08.2026 - HO - Turn Your Backyard Into A Sanctuary - Warm up day 12_ Gmail                          2684   1745   939     0     0
04.08.2026 - HO - Turn Your Backyard Into A Sanctuary - Warm up day 12_NonGmail                        1785   1105   680     0     0
04.09.2026 - HO - Turn Your Backyard Into A Sanctuary - Warm up day 13_ Gmail                          4026   2738  1288     0     0
04.09.2026 - HO - Turn Your Backyard Into A Sanctuary - Warm up day 13_NonGmail                        2675   1531  1144     0     0
04.10.2026 - HO - Turn Your Backyard Into A Sanctuary - Warm up day 14_ Gmail                          6059   4510  1549     0     0
04.10.2026 - HO - Turn Your Backyard Into A Sanctuary - Warm up day 14_NonGmail                        4021   2812  1209     0     0
04.13.2026 - HO - Turn Your Backyard Into A Sanctuary - Warm up day 15_Gmail                           9066   6829  2237     0     0
04.13.2026 - HO - Turn Your Backyard Into A Sanctuary - Warm up day 15_NonGmail                        6036   4213  1823     0     0
04.14.2026 - HO - Turn Your Backyard Into A Sanctuary - Warm up day 16_Gmail                          13211   9879  3332     0     0
04.14.2026 - HO - Turn Your Backyard Into A Sanctuary - Warm up day 16_NonGmail                        9035   6141  2894     0     0
04.15.2026 - HO - Turn Your Backyard Into A Sanctuary - Warm up day 17_Gmail                          20426  15139  5287     0     0
04.15.2026 - HO - Turn Your Backyard Into A Sanctuary - Warm up day 17_NonGmail                       13578   9624  3954     0     0
04.16.2026 - HO - Turn Your Backyard Into A Sanctuary - Warm up day 18_Gmail                          20667  15196  5471     0     0
04.16.2026 - HO - Turn Your Backyard Into A Sanctuary - Warm up day 18_NonGmail                       20388  13999  6389     0     0
04.17.2026 - HO - Turn Your Backyard Into A Sanctuary - Warm up day 19_NonGmail                        5882   4040  1842     0     0
04.22.2026 - Termite Swarming Season Is Here - Act Now_Gmail                                          11750  11033   717     0     0
04.22.2026 - Termite Swarming Season Is Here - Act Now_NonGmail                                        8843   8500   343     0     0
04.28.2026 - HO - How to spot rat poop_Gmail                                                          11603  10989   614     0     0
04.28.2026 - HO - How to spot rat poop_NonGmail                                                        8789   8498   291     0     0
05.01.2026 - HO - Turn Your Backyard Into A Sanctuary - Resend - Gmail Batch 1                        12500   6731  5769     0     0
05.01.2026 - HO - Turn Your Backyard Into A Sanctuary - Resend - Gmail Batch 2                        12500   7437  5063     0     0
05.01.2026 - HO - Turn Your Backyard Into A Sanctuary - Resend - NonGmail Batch 1                     12499   6384  6115     0     0
05.01.2026 - HO - Turn Your Backyard Into A Sanctuary - Resend - NonGmail Batch 2                     12501   6555  5946     0     0
05.08.2026 - MF - If You've Seen One, There Are Likely Millions More - Gmail_1                        35000  20137 14863     0     0
05.08.2026 - MF - If You've Seen One, There Are Likely Millions More - NonGmail_1                     35000  20027 14973     0     0
05.12.2026 - MF - If You've Seen One, There Are Likely Millions More - Gmail_2                         3073   1677  1396     0     0
05.12.2026 - MF - If You've Seen One, There Are Likely Millions More - NonGmail_2                      3195   1785  1410     0     0
05.19.2026 - HO - Those Are Not Flying Ants (Termite Focus)_Gmail                                      7881   7502   379     0     0
05.19.2026 - HO - Those Are Not Flying Ants (Termite Focus)_NonGmail                                   5171   5007   164     0     0
05.22.2026 - ST - What does mouse poop look like_ - NonHPP NonGmail                                    8335   7852   483     0     0
05.27.2026 - MF - Summer Pests_ Don't Wait Until You Spot Them [Gmail]                                 3357   2777   580     0     0
05.27.2026 - MF - Summer Pests_ Don't Wait Until You Spot Them [NonGmail]                              2333   1923   410     0     0
05.27.2026 - MF - Take Back Your Outdoor Spaces - Just In Time For Summer [HPP Gmail Users]           11258  10999   259     0     0
05.27.2026 - MF - Take Back Your Outdoor Spaces - Just In Time For Summer [HPP NonGmail Users]         8590   8484   106     0     0
05.27.2026 - MF - Take Back Your Outdoor Spaces - Just In Time For Summer [NonHPP Gmail Users]         4469   4206   263     0     0
05.27.2026 - MF - Take Back Your Outdoor Spaces - Just In Time For Summer [NonHPP NonGmail Users]      3667   3540   127     0     0
05.29.2026 - MF - Summer Pests_ Don't Wait Until You Spot Them [NOR Gmail]                             1947   1842   105     0     0
05.29.2026 - MF - Summer Pests_ Don't Wait Until You Spot Them [NOR NonGmail]                          1370   1292    78     0     0
06.01.2026 - HO - Ants_ Why They Keep Coming Back [FINAL Gmail]                                        3977   3781   196     0     0
06.01.2026 - HO - Ants_ Why They Keep Coming Back [FINAL NonGmail]                                     3521   3419   102     0     0
06.05.2026 - MF - How to Identify Mouse Urine [Gmail]                                                  4890   4651   239     0     0
06.05.2026 - MF - How to Identify Mouse Urine [NonGmail]                                               3888   3774   114     0     0
06.11.2026 - MF - Your Home Is A Haven - Keep It That Way [Gmail]                                      4376   4198   178     0     0
06.11.2026 - MF - Your Home Is A Haven - Keep It That Way [NonGmail]                                   3548   3475    73     0     0
06.15.2026 - HO - Can Cockroaches Survive A Nuclear Bomb [NonGmail]                                    3264   3205    59     0     0
06.15.2026 - HO - Can Cockroaches Survive A Nuclear Bomb_ [Gmail]                                      3646   3545   101     0     0
06.16.2026 - MF - Last Chance For a Buzzless 4th Of July [Gmail]                                      15683  15401   282     0     0
06.16.2026 - MF - Last Chance For a Buzzless 4th Of July [NonGmail]                                   12214  12098   116     0     0
06.18.2026 - HO - How To Check For Bed Bugs In A Hotel [Gmail]                                         3635   3565    70     0     0
06.18.2026 - HO - How To Check For Bed Bugs In A Hotel [NonGmail]                                      3147   3107    40     0     0
06.19.2026 - MF - Last Chance For a Buzzless 4th Of July [NCR Gmail]                                  14889  14715   174     0     0
06.19.2026 - MF - Last Chance For a Buzzless 4th Of July [NCR NonGmail]                               11954  11881    73     0     0
06.22.2026 - MF - Stop The Spread_ Four Reasons Pests Are Thriving Right Now [Gmail]                   4373   4067   306     0     0
06.22.2026 - MF - Stop The Spread_ Four Reasons Pests Are Thriving Right Now [NonGmail]                2850   2648   202     0     0
06.23.2026 - MF - Ticks And Fleas_ Protect Your Pets This Summer [Gmail]                              11230  11169    61     0     0
06.23.2026 - MF - Ticks And Fleas_ Protect Your Pets This Summer [NonGmail]                            8572   8550    22     0     0
06.25.2026 - MF - Recognizing Faces And Holding Grudges - Five Fascinating Wasp Facts [Gmail]          4006   3974    32     0     0
06.25.2026 - MF - Recognizing Faces And Holding Grudges - Five Fascinating Wasp Facts [NonGmail]       3559   3538    21     0     0
06.29.2026 - MF - Real Results From Real Homeowners [Gmail]                                            3984   3984     0     0     0
06.29.2026 - MF - Real Results From Real Homeowners [NonGmail]                                         3532   3532     0     0     0
07.02.2026 - MF - It's Not Too Late To Take Back Your Backyard [Gmail]                                 1948   1948     0     0     0
07.03.2026 - CV - It's Not Too Late To Take Back Your Backyard [Gmail]                                13430  13430     0     0     0
07.03.2026 - CV - It's Not Too Late To Take Back Your Backyard [NonGmail]                             10864  10864     0     0     0
------------------------------------------------------------------------------------------------------------------------------------
files processed : 158
rows written    : 448991  ->  C:\Users\benjamin.bowen\Repos\Sql-Queries\Code\Recurring\email_campaigns.csv
dropped         : 106828 deleted-sentinel, 0 blank, 0 duplicate

OK.
